2013-07-02 01:07:37 Error: [MissingControllerException] Controller class CssController could not be found.
#0 /Users/bluemooninc/PhpstormProjects/xoopsec/html/modules/cakecms/app/webroot/index.php(96): Dispatcher->dispatch(Object(CakeRequest), Object(CakeResponse))
#1 {main}
2013-07-02 01:09:02 Error: [MissingControllerException] Controller class CssController could not be found.
#0 /Users/bluemooninc/PhpstormProjects/xoopsec/html/modules/cakecms/app/webroot/index.php(96): Dispatcher->dispatch(Object(CakeRequest), Object(CakeResponse))
#1 {main}
2013-07-02 01:10:10 Error: [MissingControllerException] Controller class CssController could not be found.
#0 /Users/bluemooninc/PhpstormProjects/xoopsec/html/modules/cakecms/app/webroot/index.php(96): Dispatcher->dispatch(Object(CakeRequest), Object(CakeResponse))
#1 {main}
2013-07-02 01:10:33 Error: [MissingControllerException] Controller class CssController could not be found.
#0 /Users/bluemooninc/PhpstormProjects/xoopsec/html/modules/cakecms/app/webroot/index.php(96): Dispatcher->dispatch(Object(CakeRequest), Object(CakeResponse))
#1 {main}
2013-07-02 01:11:15 Error: [MissingControllerException] Controller class CssController could not be found.
Exception Attributes: array (
  'class' => 'CssController',
  'plugin' => NULL,
)
Request URL: /xoopsec/html/modules/cakecms/css/custom-theme/jquery-ui-1.8.16.custom.css
Stack Trace:
#0 /Users/bluemooninc/PhpstormProjects/xoopsec/html/modules/cakecms/app/webroot/index.php(96): Dispatcher->dispatch(Object(CakeRequest), Object(CakeResponse))
#1 {main}
2013-07-02 01:11:17 Error: [MissingControllerException] Controller class CssController could not be found.
Exception Attributes: array (
  'class' => 'CssController',
  'plugin' => NULL,
)
Request URL: /xoopsec/html/modules/cakecms/css/custom-theme/jquery-ui-1.8.16.custom.css
Stack Trace:
#0 /Users/bluemooninc/PhpstormProjects/xoopsec/html/modules/cakecms/app/webroot/index.php(96): Dispatcher->dispatch(Object(CakeRequest), Object(CakeResponse))
#1 {main}
2013-07-02 01:11:26 Error: [MissingControllerException] Controller class CssController could not be found.
Exception Attributes: array (
  'class' => 'CssController',
  'plugin' => NULL,
)
Request URL: /xoopsec/html/modules/cakecms/css/custom-theme/jquery-ui-1.8.16.custom.css
Stack Trace:
#0 /Users/bluemooninc/PhpstormProjects/xoopsec/html/modules/cakecms/app/webroot/index.php(96): Dispatcher->dispatch(Object(CakeRequest), Object(CakeResponse))
#1 {main}
2013-07-02 01:11:28 Error: [MissingControllerException] Controller class CssController could not be found.
Exception Attributes: array (
  'class' => 'CssController',
  'plugin' => NULL,
)
Request URL: /xoopsec/html/modules/cakecms/css/custom-theme/jquery-ui-1.8.16.custom.css
Stack Trace:
#0 /Users/bluemooninc/PhpstormProjects/xoopsec/html/modules/cakecms/app/webroot/index.php(96): Dispatcher->dispatch(Object(CakeRequest), Object(CakeResponse))
#1 {main}
2013-07-02 01:11:30 Error: [MissingControllerException] Controller class CssController could not be found.
Exception Attributes: array (
  'class' => 'CssController',
  'plugin' => NULL,
)
Request URL: /xoopsec/html/modules/cakecms/css/custom-theme/jquery-ui-1.8.16.custom.css
Stack Trace:
#0 /Users/bluemooninc/PhpstormProjects/xoopsec/html/modules/cakecms/app/webroot/index.php(96): Dispatcher->dispatch(Object(CakeRequest), Object(CakeResponse))
#1 {main}
2013-07-02 01:11:34 Error: [MissingControllerException] Controller class CssController could not be found.
Exception Attributes: array (
  'class' => 'CssController',
  'plugin' => NULL,
)
Request URL: /xoopsec/html/modules/cakecms/css/custom-theme/jquery-ui-1.8.16.custom.css
Stack Trace:
#0 /Users/bluemooninc/PhpstormProjects/xoopsec/html/modules/cakecms/app/webroot/index.php(96): Dispatcher->dispatch(Object(CakeRequest), Object(CakeResponse))
#1 {main}
2013-07-02 01:11:44 Error: [MissingControllerException] Controller class Logo.pngController could not be found.
Exception Attributes: array (
  'class' => 'Logo.pngController',
  'plugin' => NULL,
)
Request URL: /xoopsec/html/modules/cakecms/logo.png
Stack Trace:
#0 /Users/bluemooninc/PhpstormProjects/xoopsec/html/modules/cakecms/app/webroot/index.php(96): Dispatcher->dispatch(Object(CakeRequest), Object(CakeResponse))
#1 {main}
2013-07-02 01:11:45 Error: [MissingControllerException] Controller class Logo.pngController could not be found.
Exception Attributes: array (
  'class' => 'Logo.pngController',
  'plugin' => NULL,
)
Request URL: /xoopsec/html/modules/cakecms/logo.png
Stack Trace:
#0 /Users/bluemooninc/PhpstormProjects/xoopsec/html/modules/cakecms/app/webroot/index.php(96): Dispatcher->dispatch(Object(CakeRequest), Object(CakeResponse))
#1 {main}
2013-07-02 01:12:42 Error: [MissingControllerException] Controller class Logo.pngController could not be found.
Exception Attributes: array (
  'class' => 'Logo.pngController',
  'plugin' => NULL,
)
Request URL: /xoopsec/html/modules/cakecms/logo.png
Stack Trace:
#0 /Users/bluemooninc/PhpstormProjects/xoopsec/html/modules/cakecms/app/webroot/index.php(96): Dispatcher->dispatch(Object(CakeRequest), Object(CakeResponse))
#1 {main}
2013-07-02 01:12:42 Error: [MissingControllerException] Controller class Logo.pngController could not be found.
Exception Attributes: array (
  'class' => 'Logo.pngController',
  'plugin' => NULL,
)
Request URL: /xoopsec/html/modules/cakecms/logo.png
Stack Trace:
#0 /Users/bluemooninc/PhpstormProjects/xoopsec/html/modules/cakecms/app/webroot/index.php(96): Dispatcher->dispatch(Object(CakeRequest), Object(CakeResponse))
#1 {main}
2013-07-02 01:12:51 Error: [MissingControllerException] Controller class CssController could not be found.
Exception Attributes: array (
  'class' => 'CssController',
  'plugin' => NULL,
)
Request URL: /xoopsec/html/modules/cakecms/css/custom-theme/jquery-ui-1.8.16.custom.css
Stack Trace:
#0 /Users/bluemooninc/PhpstormProjects/xoopsec/html/modules/cakecms/app/webroot/index.php(96): Dispatcher->dispatch(Object(CakeRequest), Object(CakeResponse))
#1 {main}
2013-07-02 01:12:59 Error: [MissingControllerException] Controller class CssController could not be found.
Exception Attributes: array (
  'class' => 'CssController',
  'plugin' => NULL,
)
Request URL: /xoopsec/html/modules/cakecms/css/custom-theme/jquery-ui-1.8.16.custom.css
Stack Trace:
#0 /Users/bluemooninc/PhpstormProjects/xoopsec/html/modules/cakecms/app/webroot/index.php(96): Dispatcher->dispatch(Object(CakeRequest), Object(CakeResponse))
#1 {main}
2013-07-02 01:13:51 Error: [MissingControllerException] Controller class CssController could not be found.
Exception Attributes: array (
  'class' => 'CssController',
  'plugin' => NULL,
)
Request URL: /xoopsec/html/modules/cakecms/css/custom-theme/jquery-ui-1.8.16.custom.css
Stack Trace:
#0 /Users/bluemooninc/PhpstormProjects/xoopsec/html/modules/cakecms/app/webroot/index.php(96): Dispatcher->dispatch(Object(CakeRequest), Object(CakeResponse))
#1 {main}
